MIF/HEX Update report for top
Mon Apr 10 16:42:22 2017
Quartus Prime Version 16.0.2 Build 222 07/20/2016 SJ Standard Edition


---------------------
; Table of Contents ;
---------------------
  1. Legal Notice
  2. MIF/HEX Update Summary
  3. MIF/HEX Update Processed Files
  4. MIF/HEX Update Messages



----------------
; Legal Notice ;
----------------
Copyright (C) 1991-2016 Altera Corporation. All rights reserved.
Your use of Altera Corporation's design tools, logic functions 
and other software and tools, and its AMPP partner logic 
functions, and any output files from any of the foregoing 
(including device programming or simulation files), and any 
associated documentation or information are expressly subject 
to the terms and conditions of the Altera Program License 
Subscription Agreement, the Altera Quartus Prime License Agreement,
the Altera MegaCore Function License Agreement, or other 
applicable license agreement, including, without limitation, 
that your use is for the sole purpose of programming logic 
devices manufactured by Altera and sold by Altera or its 
authorized distributors.  Please refer to the applicable 
agreement for further details.



+---------------------------------------------------------------+
; MIF/HEX Update Summary                                        ;
+-----------------------+---------------------------------------+
; MIF/HEX Update Status ; Successful - Mon Apr 10 16:42:22 2017 ;
; Revision Name         ; top                                   ;
; Top-level Entity Name ; top                                   ;
; Family                ; Cyclone V                             ;
; Device                ; 5CSEMA5F31C6                          ;
+-----------------------+---------------------------------------+


+----------------------------------------------------------------------------------------------------------------------------------------------------------------------+
; MIF/HEX Update Processed Files                                                                                                                                       ;
+----------------------------------------------------------------------------------------------------------------------------------------------------------------------+
; File Name                                                                                                                                                            ;
+----------------------------------------------------------------------------------------------------------------------------------------------------------------------+
; /scratch/altera/16.0/hld/board/terasic/de1soc/mariano/opencl_printer_error_diffusion/error_diffusion/bin/ErrorDiffusion/sys_description.hex                          ;
; /scratch/altera/16.0/hld/board/terasic/de1soc/mariano/opencl_printer_error_diffusion/error_diffusion/bin/ErrorDiffusion/system/synthesis/submodules/hps_AC_ROM.hex   ;
; /scratch/altera/16.0/hld/board/terasic/de1soc/mariano/opencl_printer_error_diffusion/error_diffusion/bin/ErrorDiffusion/system/synthesis/submodules/hps_inst_ROM.hex ;
+----------------------------------------------------------------------------------------------------------------------------------------------------------------------+


+-------------------------+
; MIF/HEX Update Messages ;
+-------------------------+
Info: *******************************************************************
Info: Running Quartus Prime MIF/HEX Update
    Info: Version 16.0.2 Build 222 07/20/2016 SJ Standard Edition
    Info: Processing started: Mon Apr 10 16:42:07 2017
Info: Command: quartus_cdb top -c top --update_mif
Info: Using INI file /scratch/altera/16.0/hld/board/terasic/de1soc/mariano/opencl_printer_error_diffusion/error_diffusion/bin/ErrorDiffusion/quartus.ini
Warning (18236): Number of processors has not been specified which may cause overloading on shared machines.  Set the global assignment NUM_PARALLEL_PROCESSORS in your QSF to an appropriate value for best performance.
Critical Warning (127005): Memory depth (512) in the design file differs from memory depth (15) in the Memory Initialization File "/scratch/altera/16.0/hld/board/terasic/de1soc/mariano/opencl_printer_error_diffusion/error_diffusion/bin/ErrorDiffusion/sys_description.hex" -- setting initial value for remaining addresses to 0
Info (39024): Processed the following Memory Initialization File(s)
    Info (39025): Processed Memory Initialization File /scratch/altera/16.0/hld/board/terasic/de1soc/mariano/opencl_printer_error_diffusion/error_diffusion/bin/ErrorDiffusion/sys_description.hex File: /scratch/altera/16.0/hld/board/terasic/de1soc/mariano/opencl_printer_error_diffusion/error_diffusion/bin/ErrorDiffusion/sys_description.hex Line: 0
    Info (39025): Processed Memory Initialization File /scratch/altera/16.0/hld/board/terasic/de1soc/mariano/opencl_printer_error_diffusion/error_diffusion/bin/ErrorDiffusion/system/synthesis/submodules/hps_AC_ROM.hex File: /scratch/altera/16.0/hld/board/terasic/de1soc/mariano/opencl_printer_error_diffusion/error_diffusion/bin/ErrorDiffusion/system/synthesis/submodules/hps_AC_ROM.hex Line: 0
    Info (39025): Processed Memory Initialization File /scratch/altera/16.0/hld/board/terasic/de1soc/mariano/opencl_printer_error_diffusion/error_diffusion/bin/ErrorDiffusion/system/synthesis/submodules/hps_inst_ROM.hex File: /scratch/altera/16.0/hld/board/terasic/de1soc/mariano/opencl_printer_error_diffusion/error_diffusion/bin/ErrorDiffusion/system/synthesis/submodules/hps_inst_ROM.hex Line: 0
Info: Quartus Prime MIF/HEX Update was successful. 0 errors, 2 warnings
    Info: Peak virtual memory: 1760 megabytes
    Info: Processing ended: Mon Apr 10 16:42:23 2017
    Info: Elapsed time: 00:00:16
    Info: Total CPU time (on all processors): 00:00:16


