Flow report for top
Mon Apr 10 16:43:29 2017
Quartus Prime Version 16.0.2 Build 222 07/20/2016 SJ Standard Edition


---------------------
; Table of Contents ;
---------------------
  1. Legal Notice
  2. Flow Summary
  3. Flow Settings
  4. Flow Non-Default Global Settings
  5. Flow Elapsed Time
  6. Flow OS Summary
  7. Flow Log
  8. Flow Messages
  9. Flow Suppressed Messages



----------------
; Legal Notice ;
----------------
Copyright (C) 1991-2016 Altera Corporation. All rights reserved.
Your use of Altera Corporation's design tools, logic functions 
and other software and tools, and its AMPP partner logic 
functions, and any output files from any of the foregoing 
(including device programming or simulation files), and any 
associated documentation or information are expressly subject 
to the terms and conditions of the Altera Program License 
Subscription Agreement, the Altera Quartus Prime License Agreement,
the Altera MegaCore Function License Agreement, or other 
applicable license agreement, including, without limitation, 
that your use is for the sole purpose of programming logic 
devices manufactured by Altera and sold by Altera or its 
authorized distributors.  Please refer to the applicable 
agreement for further details.



+-----------------------------------------------------------------------------------+
; Flow Summary                                                                      ;
+---------------------------------+-------------------------------------------------+
; Flow Status                     ; Successful - Mon Apr 10 16:42:41 2017           ;
; Quartus Prime Version           ; 16.0.2 Build 222 07/20/2016 SJ Standard Edition ;
; Revision Name                   ; top                                             ;
; Top-level Entity Name           ; top                                             ;
; Family                          ; Cyclone V                                       ;
; Device                          ; 5CSEMA5F31C6                                    ;
; Timing Models                   ; Final                                           ;
; Logic utilization (in ALMs)     ; 3,991 / 32,070 ( 12 % )                         ;
; Total registers                 ; 7190                                            ;
; Total pins                      ; 103 / 457 ( 23 % )                              ;
; Total virtual pins              ; 0                                               ;
; Total block memory bits         ; 359,792 / 4,065,280 ( 9 % )                     ;
; Total PLLs                      ; 2 / 6 ( 33 % )                                  ;
; Total DLLs                      ; 1 / 4 ( 25 % )                                  ;
; Total DSP Blocks                ; 2 / 87 ( 2 % )                                  ;
; Total HSSI RX PCSs              ; 0                                               ;
; Total HSSI PMA RX Deserializers ; 0                                               ;
; Total HSSI TX PCSs              ; 0                                               ;
; Total HSSI PMA TX Serializers   ; 0                                               ;
+---------------------------------+-------------------------------------------------+


+-----------------------------------------+
; Flow Settings                           ;
+-------------------+---------------------+
; Option            ; Setting             ;
+-------------------+---------------------+
; Start date & time ; 04/10/2017 16:21:09 ;
; Main task         ; Compilation         ;
; Revision Name     ; top                 ;
+-------------------+---------------------+


+-------------------------------------------------------------------------------------------------------------------------------------------------------------------------------------------------------------------------+
; Flow Non-Default Global Settings                                                                                                                                                                                        ;
+-------------------------------------------------+----------------------------------------------------------------------+---------------+------------------------------------+-------------------------------------------+
; Assignment Name                                 ; Value                                                                ; Default Value ; Entity Name                        ; Section Id                                ;
+-------------------------------------------------+----------------------------------------------------------------------+---------------+------------------------------------+-------------------------------------------+
; ALLOW_SHIFT_REGISTER_MERGING_ACROSS_HIERARCHIES ; Off                                                                  ; Auto          ; --                                 ; --                                        ;
; AUTO_PARALLEL_SYNTHESIS                         ; Off                                                                  ; On            ; --                                 ; --                                        ;
; COMPILER_SIGNATURE_ID                           ; 161342508232.149183406918780                                         ; --            ; --                                 ; --                                        ;
; DISABLE_REGISTER_MERGING_ACROSS_HIERARCHIES     ; On                                                                   ; Auto          ; --                                 ; --                                        ;
; FITTER_EFFORT                                   ; Standard Fit                                                         ; Auto Fit      ; --                                 ; --                                        ;
; FIT_ONLY_ONE_ATTEMPT                            ; On                                                                   ; Off           ; --                                 ; --                                        ;
; FLOW_DISABLE_ASSEMBLER                          ; On                                                                   ; Off           ; --                                 ; --                                        ;
; HPS_ISW_FILE                                    ; system/synthesis/submodules/sequencer/tclrpt.pre.h                   ; --            ; system_acl_iface_hps_hps_io_border ; --                                        ;
; HPS_ISW_FILE                                    ; system/synthesis/submodules/sequencer/sequencer_auto.pre.h           ; --            ; system_acl_iface_hps_hps_io_border ; --                                        ;
; HPS_ISW_FILE                                    ; system/synthesis/submodules/sequencer/system.pre.h                   ; --            ; system_acl_iface_hps_hps_io_border ; --                                        ;
; HPS_ISW_FILE                                    ; system/synthesis/submodules/sequencer/sequencer_defines.pre.h        ; --            ; system_acl_iface_hps_hps_io_border ; --                                        ;
; HPS_ISW_FILE                                    ; system/synthesis/submodules/sequencer/sequencer_auto_ac_init.pre.c   ; --            ; system_acl_iface_hps_hps_io_border ; --                                        ;
; HPS_ISW_FILE                                    ; system/synthesis/submodules/sequencer/emif.pre.xml                   ; --            ; system_acl_iface_hps_hps_io_border ; --                                        ;
; HPS_ISW_FILE                                    ; system/synthesis/submodules/sequencer/sdram_io.pre.h                 ; --            ; system_acl_iface_hps_hps_io_border ; --                                        ;
; HPS_ISW_FILE                                    ; system/synthesis/submodules/sequencer/tclrpt.pre.c                   ; --            ; system_acl_iface_hps_hps_io_border ; --                                        ;
; HPS_ISW_FILE                                    ; system/synthesis/submodules/sequencer/sequencer.pre.c                ; --            ; system_acl_iface_hps_hps_io_border ; --                                        ;
; HPS_ISW_FILE                                    ; system/synthesis/submodules/sequencer/sequencer_auto_inst_init.pre.c ; --            ; system_acl_iface_hps_hps_io_border ; --                                        ;
; HPS_ISW_FILE                                    ; system/synthesis/submodules/sequencer/alt_types.pre.h                ; --            ; system_acl_iface_hps_hps_io_border ; --                                        ;
; HPS_ISW_FILE                                    ; system/synthesis/submodules/sequencer/sequencer.pre.h                ; --            ; system_acl_iface_hps_hps_io_border ; --                                        ;
; HPS_ISW_FILE                                    ; system/synthesis/submodules/hps.pre.xml                              ; --            ; system_acl_iface_hps_hps_io_border ; --                                        ;
; HPS_PARTITION                                   ; On                                                                   ; --            ; system_acl_iface_hps_hps_io_border ; --                                        ;
; INCREMENTAL_COMPILATION_EXPORT_FILE             ; acl_iface_partition.qxp                                              ; --            ; --                                 ; --                                        ;
; MAX_CORE_JUNCTION_TEMP                          ; 85                                                                   ; --            ; --                                 ; --                                        ;
; MIN_CORE_JUNCTION_TEMP                          ; 0                                                                    ; --            ; --                                 ; --                                        ;
; MISC_FILE                                       ; system/synthesis/../../system.qsys                                   ; --            ; --                                 ; --                                        ;
; MISC_FILE                                       ; system/synthesis/submodules/sequencer/tclrpt.pre.h                   ; --            ; --                                 ; --                                        ;
; MISC_FILE                                       ; system/synthesis/submodules/sequencer/sequencer_auto.pre.h           ; --            ; --                                 ; --                                        ;
; MISC_FILE                                       ; system/synthesis/submodules/sequencer/system.pre.h                   ; --            ; --                                 ; --                                        ;
; MISC_FILE                                       ; system/synthesis/submodules/sequencer/sequencer_defines.pre.h        ; --            ; --                                 ; --                                        ;
; MISC_FILE                                       ; system/synthesis/submodules/sequencer/sequencer_auto_ac_init.pre.c   ; --            ; --                                 ; --                                        ;
; MISC_FILE                                       ; system/synthesis/submodules/sequencer/emif.pre.xml                   ; --            ; --                                 ; --                                        ;
; MISC_FILE                                       ; system/synthesis/submodules/sequencer/sdram_io.pre.h                 ; --            ; --                                 ; --                                        ;
; MISC_FILE                                       ; system/synthesis/submodules/sequencer/tclrpt.pre.c                   ; --            ; --                                 ; --                                        ;
; MISC_FILE                                       ; system/synthesis/submodules/sequencer/sequencer.pre.c                ; --            ; --                                 ; --                                        ;
; MISC_FILE                                       ; system/synthesis/submodules/sequencer/sequencer_auto_inst_init.pre.c ; --            ; --                                 ; --                                        ;
; MISC_FILE                                       ; system/synthesis/submodules/sequencer/alt_types.pre.h                ; --            ; --                                 ; --                                        ;
; MISC_FILE                                       ; system/synthesis/submodules/sequencer/sequencer.pre.h                ; --            ; --                                 ; --                                        ;
; MISC_FILE                                       ; system/synthesis/submodules/hps.pre.xml                              ; --            ; --                                 ; --                                        ;
; OPTIMIZATION_TECHNIQUE                          ; Speed                                                                ; Balanced      ; --                                 ; --                                        ;
; PARTITION_COLOR                                 ; 39423                                                                ; --            ; --                                 ; system_acl_iface_hps_hps_io_border:border ;
; PARTITION_FITTER_PRESERVATION_LEVEL             ; PLACEMENT_AND_ROUTING                                                ; --            ; --                                 ; system_acl_iface_hps_hps_io_border:border ;
; PARTITION_FITTER_PRESERVATION_LEVEL             ; PLACEMENT_AND_ROUTING                                                ; --            ; --                                 ; acl_iface_partition                       ;
; PARTITION_FITTER_PRESERVATION_LEVEL             ; PLACEMENT_AND_ROUTING                                                ; --            ; --                                 ; Top                                       ;
; PARTITION_IGNORE_SOURCE_FILE_CHANGES            ; On                                                                   ; --            ; --                                 ; acl_iface_partition                       ;
; PARTITION_IMPORT_FILE                           ; acl_iface_partition.qxp                                              ; --            ; --                                 ; acl_iface_partition                       ;
; PARTITION_LAST_IMPORTED_FILE                    ; acl_iface_partition.qxp                                              ; --            ; --                                 ; acl_iface_partition                       ;
; PARTITION_NETLIST_TYPE                          ; POST_SYNTH                                                           ; --            ; --                                 ; system_acl_iface_hps_hps_io_border:border ;
; PARTITION_NETLIST_TYPE                          ; POST_FIT                                                             ; --            ; --                                 ; acl_iface_partition                       ;
; PARTITION_NETLIST_TYPE                          ; SOURCE                                                               ; --            ; --                                 ; Top                                       ;
; PARTITION_TYPE                                  ; HPS_PARTITION                                                        ; --            ; --                                 ; system_acl_iface_hps_hps_io_border:border ;
; PLACEMENT_EFFORT_MULTIPLIER                     ; 4.0                                                                  ; 1.0           ; --                                 ; --                                        ;
; POST_FLOW_SCRIPT_FILE                           ; quartus_cdb:scripts/post_flow.tcl                                    ; --            ; --                                 ; --                                        ;
; POST_MODULE_SCRIPT_FILE                         ; quartus_cdb:scripts/post_module.tcl                                  ; --            ; --                                 ; --                                        ;
; ROUTER_TIMING_OPTIMIZATION_LEVEL                ; MAXIMUM                                                              ; Normal        ; --                                 ; --                                        ;
; SEARCH_PATH                                     ; iface                                                                ; --            ; --                                 ; --                                        ;
; SEARCH_PATH                                     ; /scratch/altera/16.0/hld/ip                                          ; --            ; --                                 ; --                                        ;
; SYNTHESIS_ONLY_QIP                              ; On                                                                   ; --            ; --                                 ; --                                        ;
; VERILOG_CONSTANT_LOOP_LIMIT                     ; 10000                                                                ; 5000          ; --                                 ; --                                        ;
; VERILOG_INPUT_VERSION                           ; SystemVerilog_2005                                                   ; Verilog_2001  ; --                                 ; --                                        ;
+-------------------------------------------------+----------------------------------------------------------------------+---------------+------------------------------------+-------------------------------------------+


+-------------------------------------------------------------------------------------------------------------------------------+
; Flow Elapsed Time                                                                                                             ;
+---------------------------+--------------+-------------------------+---------------------+------------------------------------+
; Module Name               ; Elapsed Time ; Average Processors Used ; Peak Virtual Memory ; Total CPU Time (on all processors) ;
+---------------------------+--------------+-------------------------+---------------------+------------------------------------+
; Analysis & Synthesis      ; 00:01:14     ; 1.4                     ; 1909 MB             ; 00:02:12                           ;
; Partition Merge           ; 00:00:09     ; 1.0                     ; 1757 MB             ; 00:00:10                           ;
; Fitter                    ; 00:03:37     ; 1.7                     ; 4315 MB             ; 00:14:52                           ;
; TimeQuest Timing Analyzer ; 00:00:50     ; 2.2                     ; 2587 MB             ; 00:01:31                           ;
; MIF/HEX Update            ; 00:00:15     ; 1.0                     ; 1760 MB             ; 00:00:16                           ;
; Assembler                 ; 00:00:17     ; 1.0                     ; 1418 MB             ; 00:00:17                           ;
; TimeQuest Timing Analyzer ; 00:00:43     ; 1.1                     ; 1890 MB             ; 00:00:47                           ;
; Total                     ; 00:07:05     ; --                      ; --                  ; 00:20:05                           ;
+---------------------------+--------------+-------------------------+---------------------+------------------------------------+


+---------------------------------------------------------------------------------------------+
; Flow OS Summary                                                                             ;
+---------------------------+------------------+----------------+------------+----------------+
; Module Name               ; Machine Hostname ; OS Name        ; OS Version ; Processor type ;
+---------------------------+------------------+----------------+------------+----------------+
; Analysis & Synthesis      ; esfinge          ; CentOS release ; 6          ; x86_64         ;
; Partition Merge           ; esfinge          ; CentOS release ; 6          ; x86_64         ;
; Fitter                    ; esfinge          ; CentOS release ; 6          ; x86_64         ;
; TimeQuest Timing Analyzer ; esfinge          ; CentOS release ; 6          ; x86_64         ;
; MIF/HEX Update            ; esfinge          ; CentOS release ; 6          ; x86_64         ;
; Assembler                 ; esfinge          ; CentOS release ; 6          ; x86_64         ;
; TimeQuest Timing Analyzer ; esfinge          ; CentOS release ; 6          ; x86_64         ;
+---------------------------+------------------+----------------+------------+----------------+


------------
; Flow Log ;
------------
quartus_map --read_settings_files=on --write_settings_files=off top -c top
quartus_cdb --read_settings_files=on --write_settings_files=off top -c top --merge=on
quartus_fit --read_settings_files=off --write_settings_files=off top -c top
quartus_sta top -c top
quartus_cdb top -c top --update_mif
quartus_asm --read_settings_files=on --write_settings_files=off top -c top
quartus_sta top -c top --report_script=/scratch/altera/16.0/hld/ip/board/bsp/failing_clocks.tcl



